#
# A fatal error has been detected by the Java Runtime Environment:
#
#  EXCEPTION_ACCESS_VIOLATION (0xc0000005) at pc=0x0000000066be0479, pid=2864, tid=1652
#
# JRE version: Java(TM) SE Runtime Environment (7.0_67-b01) (build 1.7.0_67-b01)
# Java VM: Java HotSpot(TM) 64-Bit Server VM (24.65-b04 mixed mode windows-amd64 compressed oops)
# Problematic frame:
# C  [gdx-box2d64.dll+0x20479]
#
# Failed to write core dump. Minidumps are not enabled by default on client versions of Windows
#
# If you would like to submit a bug report, please visit:
#   http://bugreport.sun.com/bugreport/crash.jsp
# The crash happened outside the Java Virtual Machine in native code.
# See problematic frame for where to report the bug.
#

---------------  T H R E A D  ---------------

Current thread (0x000000000c144800):  JavaThread "LWJGL Application" [_thread_in_native, id=1652, stack(0x000000000e170000,0x000000000e270000)]

siginfo: ExceptionCode=0xc0000005, reading address 0xffffffffffffffff

Registers:
RAX=0x00000000003da4b0, RBX=0x00000000003b1400, RCX=0x00000000003b0d50, RDX=0x0000000000392e30
RSP=0x000000000e26eff0, RBP=0x0000000000392e30, RSI=0x000000000e26f0b0, RDI=0x0000000000392e30
R8 =0x00000000003ad100, R9 =0x000000000e26f0b0, R10=0x00000000021f3124, R11=0x000000006b432a70
R12=0x0000000000000000, R13=0x000000077d34d1d8, R14=0x000000000e26f228, R15=0x000000000c144800
RIP=0x0000000066be0479, EFLAGS=0x0000000000010206

Top of Stack: (sp=0x000000000e26eff0)
0x000000000e26eff0:   000000000e26f090 0000000066be322e
0x000000000e26f000:   000000000e26ef10 00000000003ad100
0x000000000e26f010:   00000000efa60f4a 00000000003ad100
0x000000000e26f020:   00000000003b1400 0000000000392e30
0x000000000e26f030:   000000000e26f0b0 0000000066bdf2d9
0x000000000e26f040:   0000000000392eb0 000000000e26f190
0x000000000e26f050:   000000003f7f51af 0000000066bcc903
0x000000000e26f060:   0000000000000000 000000077d34d1d8
0x000000000e26f070:   00000000efa60f4a 00000000021e60f8
0x000000000e26f080:   000000000e26f1b0 0000000066be64bd
0x000000000e26f090:   0000000000392e30 0000000066be4c4f
0x000000000e26f0a0:   000000000e26f138 000000006b3a93b0
0x000000000e26f0b0:   00000000003b0d50 0000000000000000
0x000000000e26f0c0:   000000003e4ccccd 0001000000000000
0x000000000e26f0d0:   41e165670000ffff 0000000000000000
0x000000000e26f0e0:   4270a3db3c882b91 00000000021f3150 

Instructions: (pc=0x0000000066be0479)
0x0000000066be0459:   41 08 00 00 00 00 89 41 34 41 0f b7 41 22 66 89
0x0000000066be0469:   41 38 41 0f b6 41 1c 88 41 3a 49 8b 09 48 8b 01
0x0000000066be0479:   ff 50 10 48 8b 10 48 89 c1 48 89 43 18 ff 52 18
0x0000000066be0489:   89 c2 89 c7 48 89 e9 c1 e2 05 e8 28 b8 fe ff 85 


Register to memory mapping:

RAX=0x00000000003da4b0 is an unknown value
RBX=0x00000000003b1400 is an unknown value
RCX=0x00000000003b0d50 is an unknown value
RDX=0x0000000000392e30 is an unknown value
RSP=0x000000000e26eff0 is pointing into the stack for thread: 0x000000000c144800
RBP=0x0000000000392e30 is an unknown value
RSI=0x000000000e26f0b0 is pointing into the stack for thread: 0x000000000c144800
RDI=0x0000000000392e30 is an unknown value
R8 =0x00000000003ad100 is an unknown value
R9 =0x000000000e26f0b0 is pointing into the stack for thread: 0x000000000c144800
R10=0x00000000021f3124 is at code_begin+644 in an Interpreter codelet
method entry point (kind = native)  [0x00000000021f2ea0, 0x00000000021f3740]  2208 bytes
R11=0x000000006b432a70 is an unknown value
R12=0x0000000000000000 is an unknown value
R13=0x000000077d34d1d8 is an oop
{method} 
 - klass: {other class}
R14=0x000000000e26f228 is pointing into the stack for thread: 0x000000000c144800
R15=0x000000000c144800 is a thread


Stack: [0x000000000e170000,0x000000000e270000],  sp=0x000000000e26eff0,  free space=1019k
Native frames: (J=compiled Java code, j=interpreted, Vv=VM code, C=native code)
C  [gdx-box2d64.dll+0x20479]

Java frames: (J=compiled Java code, j=interpreted, Vv=VM code)
j  com.badlogic.gdx.physics.box2d.Body.jniCreateFixture(JJFFFZSSS)J+0
j  com.badlogic.gdx.physics.box2d.Body.createFixture(Lcom/badlogic/gdx/physics/box2d/FixtureDef;)Lcom/badlogic/gdx/physics/box2d/Fixture;+49
j  com.nowhereinc.AirCommander.game.objects.Player.updateDesktop(FLcom/badlogic/gdx/math/Vector2;)V+82
j  com.nowhereinc.AirCommander.game.Level.update(FLcom/badlogic/gdx/math/Vector2;)V+58
j  com.nowhereinc.AirCommander.game.WorldController.update(FLcom/nowhereinc/AirCommander/game/WorldRenderer;)V+106
j  com.nowhereinc.AirCommander.screens.GameScreen.render(F)V+16
j  com.nowhereinc.AirCommander.screens.DirectedGame.render()V+33
j  com.badlogic.gdx.backends.lwjgl.LwjglApplication.mainLoop()V+684
j  com.badlogic.gdx.backends.lwjgl.LwjglApplication$1.run()V+27
v  ~StubRoutines::call_stub

---------------  P R O C E S S  ---------------

Java Threads: ( => current thread )
  0x000000000cbf9800 JavaThread "LWJGL Timer" daemon [_thread_blocked, id=5564, stack(0x0000000013cc0000,0x0000000013dc0000)]
  0x000000000c18d800 JavaThread "AsynchExecutor-Thread" daemon [_thread_blocked, id=5992, stack(0x0000000012000000,0x0000000012100000)]
  0x0000000001dbf800 JavaThread "DestroyJavaVM" [_thread_blocked, id=6024, stack(0x00000000020e0000,0x00000000021e0000)]
=>0x000000000c144800 JavaThread "LWJGL Application" [_thread_in_native, id=1652, stack(0x000000000e170000,0x000000000e270000)]
  0x000000000a651000 JavaThread "Service Thread" daemon [_thread_blocked, id=2088, stack(0x000000000bdf0000,0x000000000bef0000)]
  0x000000000a648800 JavaThread "C2 CompilerThread1" daemon [_thread_blocked, id=3292, stack(0x000000000bcc0000,0x000000000bdc0000)]
  0x000000000a646800 JavaThread "C2 CompilerThread0" daemon [_thread_blocked, id=808, stack(0x000000000b940000,0x000000000ba40000)]
  0x000000000a642000 JavaThread "Attach Listener" daemon [_thread_blocked, id=1592, stack(0x000000000b430000,0x000000000b530000)]
  0x000000000a63b000 JavaThread "Signal Dispatcher" daemon [_thread_blocked, id=956, stack(0x000000000ba40000,0x000000000bb40000)]
  0x000000000a5eb000 JavaThread "Finalizer" daemon [_thread_blocked, id=1824, stack(0x000000000b840000,0x000000000b940000)]
  0x000000000a5e4000 JavaThread "Reference Handler" daemon [_thread_blocked, id=1632, stack(0x000000000b690000,0x000000000b790000)]

Other Threads:
  0x000000000a5de800 VMThread [stack: 0x000000000b560000,0x000000000b660000] [id=5656]
  0x000000000bef8800 WatcherThread [stack: 0x000000000c3a0000,0x000000000c4a0000] [id=6048]

VM state:not at safepoint (normal execution)

VM Mutex/Monitor currently owned by a thread: None

Heap
 PSYoungGen      total 37888K, used 20052K [0x00000007d5f00000, 0x00000007d8900000, 0x0000000800000000)
  eden space 32768K, 61% used [0x00000007d5f00000,0x00000007d7295040,0x00000007d7f00000)
  from space 5120K, 0% used [0x00000007d8400000,0x00000007d8400000,0x00000007d8900000)
  to   space 5120K, 0% used [0x00000007d7f00000,0x00000007d7f00000,0x00000007d8400000)
 ParOldGen       total 86016K, used 0K [0x0000000781e00000, 0x0000000787200000, 0x00000007d5f00000)
  object space 86016K, 0% used [0x0000000781e00000,0x0000000781e00000,0x0000000787200000)
 PSPermGen       total 21504K, used 7787K [0x000000077cc00000, 0x000000077e100000, 0x0000000781e00000)
  object space 21504K, 36% used [0x000000077cc00000,0x000000077d39af60,0x000000077e100000)

Card table byte_map: [0x00000000051e0000,0x0000000005600000] byte_map_base: 0x00000000015fa000

Polling page: 0x0000000000190000

Code Cache  [0x00000000021e0000, 0x0000000002450000, 0x00000000051e0000)
 total_blobs=544 nmethods=103 adapters=393 free_code_cache=48428Kb largest_free_block=49559360

Compilation events (10 events):
Event: 5.511 Thread 0x000000000a646800   99             com.badlogic.gdx.maps.tiled.renderers.BatchTiledMapRenderer::renderObjects (36 bytes)
Event: 5.516 Thread 0x000000000a646800 nmethod 99 0x0000000002293b10 code [0x0000000002293ca0, 0x0000000002293fe8]
Event: 5.578 Thread 0x000000000a648800  100             com.badlogic.gdx.graphics.glutils.ShaderProgram::checkManaged (25 bytes)
Event: 5.579 Thread 0x000000000a648800 nmethod 100 0x0000000002294350 code [0x00000000022944a0, 0x0000000002294548]
Event: 5.678 Thread 0x000000000a648800  101             com.nowhereinc.AirCommander.game.Level::addPlanes (562 bytes)
Event: 5.713 Thread 0x000000000a648800 nmethod 101 0x0000000002298850 code [0x0000000002298d80, 0x000000000229b020]
Event: 5.745 Thread 0x000000000a646800  102             com.badlogic.gdx.maps.objects.RectangleMapObject::getRectangle (5 bytes)
Event: 5.745 Thread 0x000000000a646800 nmethod 102 0x0000000002293910 code [0x0000000002293a40, 0x0000000002293ab8]
Event: 5.745 Thread 0x000000000a646800  103             com.nowhereinc.AirCommander.game.Level::ConvertPosition (65 bytes)
Event: 5.746 Thread 0x000000000a646800 nmethod 103 0x000000000228ed90 code [0x000000000228ef00, 0x000000000228eff8]

GC Heap History (0 events):
No events

Deoptimization events (5 events):
Event: 1.430 Thread 0x000000000c144800 Uncommon trap: reason=unreached action=reinterpret pc=0x000000000226ed2c method=com.badlogic.gdx.assets.AssetLoadingTask.update()Z @ 35
Event: 1.431 Thread 0x000000000c144800 Uncommon trap: reason=unreached action=reinterpret pc=0x000000000226708c method=com.badlogic.gdx.assets.AssetLoadingTask.update()Z @ 35
Event: 1.432 Thread 0x000000000c144800 Uncommon trap: reason=unreached action=reinterpret pc=0x00000000022656a0 method=com.badlogic.gdx.assets.AssetLoadingTask.update()Z @ 35
Event: 1.451 Thread 0x000000000c144800 Uncommon trap: reason=unreached action=reinterpret pc=0x0000000002272e5c method=com.badlogic.gdx.assets.AssetLoadingTask.update()Z @ 17
Event: 5.728 Thread 0x000000000c144800 Uncommon trap: reason=null_check action=make_not_entrant pc=0x000000000229acb4 method=com.nowhereinc.AirCommander.game.Level.addPlanes(Lcom/badlogic/gdx/math/Vector2;)V @ 409

Internal exceptions (10 events):
Event: 1.728 Thread 0x000000000c144800 Threw 0x00000007d7115e00 at C:\re\jdk7u67\1368\hotspot\src\share\vm\prims\jvm.cpp:1244
Event: 1.730 Thread 0x000000000c144800 Threw 0x00000007d711d778 at C:\re\jdk7u67\1368\hotspot\src\share\vm\prims\jvm.cpp:1244
Event: 1.741 Thread 0x000000000c144800 Threw 0x00000007d7130ed8 at C:\re\jdk7u67\1368\hotspot\src\share\vm\prims\jvm.cpp:1244
Event: 1.742 Thread 0x000000000c144800 Threw 0x00000007d7134ab0 at C:\re\jdk7u67\1368\hotspot\src\share\vm\prims\jvm.cpp:1244
Event: 1.742 Thread 0x000000000c144800 Threw 0x00000007d7138670 at C:\re\jdk7u67\1368\hotspot\src\share\vm\prims\jvm.cpp:1244
Event: 1.743 Thread 0x000000000c144800 Threw 0x00000007d713bca8 at C:\re\jdk7u67\1368\hotspot\src\share\vm\prims\jvm.cpp:1244
Event: 1.744 Thread 0x000000000c144800 Threw 0x00000007d713fe10 at C:\re\jdk7u67\1368\hotspot\src\share\vm\prims\jvm.cpp:1244
Event: 1.744 Thread 0x000000000c144800 Threw 0x00000007d7143d88 at C:\re\jdk7u67\1368\hotspot\src\share\vm\prims\jvm.cpp:1244
Event: 2.962 Thread 0x000000000c144800 Threw 0x00000007d71727f0 at C:\re\jdk7u67\1368\hotspot\src\share\vm\prims\jvm.cpp:1244
Event: 5.728 Thread 0x000000000c144800 Implicit null exception at 0x00000000022996a7 to 0x000000000229aca5

Events (10 events):
Event: 1.744 loading class 0x000000000ca8ba50
Event: 1.744 loading class 0x000000000ca8ba50 done
Event: 1.745 Thread 0x000000000cbf9800 Thread added: 0x000000000cbf9800
Event: 2.962 loading class 0x000000000ccd9fe0
Event: 2.962 loading class 0x000000000ccd9fe0 done
Event: 4.165 Executing VM operation: EnableBiasedLocking
Event: 4.165 Executing VM operation: EnableBiasedLocking done
Event: 5.728 Thread 0x000000000c144800 Uncommon trap: trap_request=0xfffffff4 fr.pc=0x000000000229acb4
Event: 5.728 Thread 0x000000000c144800 DEOPT PACKING pc=0x000000000229acb4 sp=0x000000000e26f220
Event: 5.728 Thread 0x000000000c144800 DEOPT UNPACKING pc=0x00000000022175a4 sp=0x000000000e26f260 mode 2


Dynamic libraries:
0x000000013f030000 - 0x000000013f063000 	C:\Program Files\Java\jre7\bin\javaw.exe
0x0000000077a90000 - 0x0000000077c39000 	C:\Windows\SYSTEM32\ntdll.dll
0x0000000077870000 - 0x000000007798f000 	C:\Windows\system32\kernel32.dll
0x000007fefda10000 - 0x000007fefda7c000 	C:\Windows\system32\KERNELBASE.dll
0x000007feff1d0000 - 0x000007feff2ab000 	C:\Windows\system32\ADVAPI32.dll
0x000007fefebf0000 - 0x000007fefec8f000 	C:\Windows\system32\msvcrt.dll
0x000007fefec90000 - 0x000007fefecaf000 	C:\Windows\SYSTEM32\sechost.dll
0x000007feffc70000 - 0x000007feffd9d000 	C:\Windows\system32\RPCRT4.dll
0x0000000077990000 - 0x0000000077a8a000 	C:\Windows\system32\USER32.dll
0x000007feff930000 - 0x000007feff997000 	C:\Windows\system32\GDI32.dll
0x000007feff5e0000 - 0x000007feff5ee000 	C:\Windows\system32\LPK.dll
0x000007feff860000 - 0x000007feff929000 	C:\Windows\system32\USP10.dll
0x000007fefbae0000 - 0x000007fefbcd4000 	C:\Windows\WinSxS\amd64_microsoft.windows.common-controls_6595b64144ccf1df_6.0.7601.18807_none_fa381d5f175bfb52\COMCTL32.dll
0x000007feff130000 - 0x000007feff1a1000 	C:\Windows\system32\SHLWAPI.dll
0x000007feff830000 - 0x000007feff85e000 	C:\Windows\system32\IMM32.DLL
0x000007feff010000 - 0x000007feff119000 	C:\Windows\system32\MSCTF.dll
0x000007fefd780000 - 0x000007fefd7b1000 	C:\Windows\system32\nvinitx.dll
0x000007fefd770000 - 0x000007fefd77c000 	C:\Windows\system32\VERSION.dll
0x0000000070d10000 - 0x0000000070de2000 	C:\Program Files\Java\jre7\bin\msvcr100.dll
0x000000006b250000 - 0x000000006ba22000 	C:\Program Files\Java\jre7\bin\server\jvm.dll
0x000007fef6cf0000 - 0x000007fef6cf9000 	C:\Windows\system32\WSOCK32.dll
0x000007feff780000 - 0x000007feff7cd000 	C:\Windows\system32\WS2_32.dll
0x000007feff120000 - 0x000007feff128000 	C:\Windows\system32\NSI.dll
0x000007fefbe70000 - 0x000007fefbeab000 	C:\Windows\system32\WINMM.dll
0x0000000077c60000 - 0x0000000077c67000 	C:\Windows\system32\PSAPI.DLL
0x0000000073860000 - 0x000000007386f000 	C:\Program Files\Java\jre7\bin\verify.dll
0x0000000073830000 - 0x0000000073858000 	C:\Program Files\Java\jre7\bin\java.dll
0x0000000073680000 - 0x0000000073695000 	C:\Program Files\Java\jre7\bin\zip.dll
0x0000000065580000 - 0x0000000065616000 	C:\Users\Brian\AppData\Local\Temp\libgdxBrian\61ae95fa\gdx64.dll
0x000007fefd040000 - 0x000007fefd058000 	C:\Windows\system32\CRYPTSP.dll
0x000007fefcd40000 - 0x000007fefcd87000 	C:\Windows\system32\rsaenh.dll
0x000007fefdad0000 - 0x000007fefdaee000 	C:\Windows\system32\USERENV.dll
0x000007fefd850000 - 0x000007fefd85f000 	C:\Windows\system32\profapi.dll
0x000007fefd640000 - 0x000007fefd64f000 	C:\Windows\system32\CRYPTBASE.dll
0x00000000736a0000 - 0x00000000736b9000 	C:\Program Files\Java\jre7\bin\net.dll
0x000007fefcfe0000 - 0x000007fefd035000 	C:\Windows\system32\mswsock.dll
0x000007fefcfd0000 - 0x000007fefcfd7000 	C:\Windows\System32\wship6.dll
0x000007fefb760000 - 0x000007fefb787000 	C:\Windows\system32\IPHLPAPI.DLL
0x000007fefb750000 - 0x000007fefb75b000 	C:\Windows\system32\WINNSI.DLL
0x000007fefb190000 - 0x000007fefb1a1000 	C:\Windows\system32\dhcpcsvc6.DLL
0x000007fefb120000 - 0x000007fefb138000 	C:\Windows\system32\dhcpcsvc.DLL
0x0000000073280000 - 0x0000000073291000 	C:\Program Files\Java\jre7\bin\nio.dll
0x0000000180000000 - 0x0000000180053000 	C:\Users\Brian\AppData\Local\Temp\libgdxBrian\dc0f0009\lwjgl64.dll
0x000007fef2340000 - 0x000007fef245d000 	C:\Windows\system32\OPENGL32.dll
0x000007fef27a0000 - 0x000007fef27cd000 	C:\Windows\system32\GLU32.dll
0x000007fef2240000 - 0x000007fef2331000 	C:\Windows\system32\DDRAW.dll
0x000007fef2790000 - 0x000007fef2798000 	C:\Windows\system32\DCIMAN32.dll
0x000007fefee30000 - 0x000007feff007000 	C:\Windows\system32\SETUPAPI.dll
0x000007fefda90000 - 0x000007fefdac6000 	C:\Windows\system32\CFGMGR32.dll
0x000007fefecb0000 - 0x000007fefed87000 	C:\Windows\system32\OLEAUT32.dll
0x000007feff2b0000 - 0x000007feff4b3000 	C:\Windows\system32\ole32.dll
0x000007fefdb00000 - 0x000007fefdb1a000 	C:\Windows\system32\DEVOBJ.dll
0x000007fefb2b0000 - 0x000007fefb2c8000 	C:\Windows\system32\dwmapi.dll
0x0000000005d20000 - 0x0000000005d84000 	C:\Users\Brian\AppData\Local\Temp\libgdxBrian\dc0f0009\OpenAL64.dll
0x000007fefdc10000 - 0x000007fefe999000 	C:\Windows\system32\SHELL32.dll
0x000007fefb7f0000 - 0x000007fefb846000 	C:\Windows\system32\uxtheme.dll
0x000007feff4c0000 - 0x000007feff559000 	C:\Windows\system32\CLBCatQ.DLL
0x000007fefc240000 - 0x000007fefc36c000 	C:\Windows\System32\PROPSYS.dll
0x000007fefdb30000 - 0x000007fefdb6b000 	C:\Windows\system32\WINTRUST.dll
0x000007fefd890000 - 0x000007fefd9fd000 	C:\Windows\system32\CRYPT32.dll
0x000007fefd860000 - 0x000007fefd86f000 	C:\Windows\system32\MSASN1.dll
0x000007feee610000 - 0x000007feee698000 	C:\Windows\system32\dsound.dll
0x000007fefc400000 - 0x000007fefc42c000 	C:\Windows\system32\POWRPROF.dll
0x000007fefc370000 - 0x000007fefc3bb000 	C:\Windows\System32\MMDevApi.dll
0x000007fefbfb0000 - 0x000007fefbfff000 	C:\Windows\system32\AUDIOSES.DLL
0x000000006dbb0000 - 0x000000006f9fa000 	C:\Windows\system32\nvoglv64.DLL
0x000007fefca10000 - 0x000007fefca21000 	C:\Windows\system32\WTSAPI32.dll
0x000007fefc860000 - 0x000007fefc88d000 	C:\Windows\system32\ntmarta.dll
0x000007feff7d0000 - 0x000007feff822000 	C:\Windows\system32\WLDAP32.dll
0x000007fefcb60000 - 0x000007fefcb9d000 	C:\Windows\system32\WINSTA.dll
0x000007fefa280000 - 0x000007fefa31c000 	C:\Windows\system32\mscms.dll
0x000007feefea0000 - 0x000007feefee2000 	C:\Windows\system32\icm32.dll
0x0000000068900000 - 0x0000000068a54000 	C:\Users\Brian\AppData\Local\Temp\libgdxBrian\dc411ca4\gdx-controllers-desktop64.dll
0x000007feefd70000 - 0x000007feefdac000 	C:\Windows\system32\DINPUT8.dll
0x000007fefb2d0000 - 0x000007fefb2db000 	C:\Windows\system32\HID.DLL
0x0000000066bc0000 - 0x0000000066c7b000 	C:\Users\Brian\AppData\Local\Temp\libgdxBrian\327fdd8a\gdx-box2d64.dll
0x000007feee0f0000 - 0x000007feee215000 	C:\Windows\system32\dbghelp.dll

VM Arguments:
jvm_args: -Dfile.encoding=Cp1252 
java_command: com.nowhereinc.AirCommander.desktop.DesktopLauncher
Launcher Type: SUN_STANDARD

Environment Variables:
JAVA_HOME=C:\Program Files\Java\jdk1.7.0_09
PATH=C:\Program Files\Common Files\Microsoft Shared\Windows Live;C:\Program Files (x86)\Common Files\Microsoft Shared\Windows Live;c:\Program Files (x86)\Intel\iCLS Client\;c:\Program Files\Intel\iCLS Client\;C:\Windows\system32;C:\Windows;C:\Windows\System32\Wbem;C:\Windows\System32\WindowsPowerShell\v1.0\;C:\Program Files (x86)\Windows Live\Shared;C:\Program Files\Java\Java3D\bin;C:\Users\Brian\Desktop\jInput\archive\dist;C:\Program Files (x86)\Skype\Phone\;C:\Program Files (x86)\NVIDIA Corporation\PhysX\Common
USERNAME=Brian
OS=Windows_NT
PROCESSOR_IDENTIFIER=Intel64 Family 6 Model 42 Stepping 7, GenuineIntel



---------------  S Y S T E M  ---------------

OS: Windows 7 , 64 bit Build 7601 Service Pack 1

CPU:total 4 (2 cores per cpu, 2 threads per core) family 6 model 42 stepping 7, cmov, cx8, fxsr, mmx, sse, sse2, sse3, ssse3, sse4.1, sse4.2, popcnt, avx, ht, tsc, tscinvbit

Memory: 4k page, physical 8263840k(5545352k free), swap 16525844k(12303988k free)

vm_info: Java HotSpot(TM) 64-Bit Server VM (24.65-b04) for windows-amd64 JRE (1.7.0_67-b01), built on Jul 25 2014 08:55:00 by "java_re" with unknown MS VC++:1600

time: Sat May 16 22:04:44 2015
elapsed time: 6 seconds

