#
# A fatal error has been detected by the Java Runtime Environment:
#
#  EXCEPTION_ACCESS_VIOLATION (0xc0000005) at pc=0x0000000066be0479, pid=5576, tid=5628
#
# JRE version: Java(TM) SE Runtime Environment (7.0_67-b01) (build 1.7.0_67-b01)
# Java VM: Java HotSpot(TM) 64-Bit Server VM (24.65-b04 mixed mode windows-amd64 compressed oops)
# Problematic frame:
# C  [gdx-box2d64.dll+0x20479]
#
# Failed to write core dump. Minidumps are not enabled by default on client versions of Windows
#
# If you would like to submit a bug report, please visit:
#   http://bugreport.sun.com/bugreport/crash.jsp
# The crash happened outside the Java Virtual Machine in native code.
# See problematic frame for where to report the bug.
#

---------------  T H R E A D  ---------------

Current thread (0x000000000c51f800):  JavaThread "LWJGL Application" [_thread_in_native, id=5628, stack(0x000000000dd70000,0x000000000de70000)]

siginfo: ExceptionCode=0xc0000005, reading address 0x0000000000000010

Registers:
RAX=0x0000000000000000, RBX=0x00000000003b0d50, RCX=0x00000000003b0d50, RDX=0x0000000000392e30
RSP=0x000000000de6ee70, RBP=0x0000000000392e30, RSI=0x000000000de6ef30, RDI=0x0000000000392e30
R8 =0x00000000003acd40, R9 =0x000000000de6ef30, R10=0x0000000000000060, R11=0x0000000000002a27
R12=0x0000000000000000, R13=0x000000077d34d228, R14=0x000000000de6f0a8, R15=0x000000000c51f800
RIP=0x0000000066be0479, EFLAGS=0x0000000000010202

Top of Stack: (sp=0x000000000de6ee70)
0x000000000de6ee70:   0000000000000400 000000000de6ee88
0x000000000de6ee80:   000000000c51f800 00000000003acd40
0x000000000de6ee90:   000000077d3557a0 00000000003acd40
0x000000000de6eea0:   00000000003b0d50 0000000000392e30
0x000000000de6eeb0:   000000000de6ef30 0000000066bdf2d9
0x000000000de6eec0:   000000000a6f3098 000000000c51f800
0x000000000de6eed0:   000000000de6f0a8 000000077d34d228
0x000000000de6eee0:   0000000000000000 000000077d34d228
0x000000000de6eef0:   000000077d3557a0 00000000020b60f8
0x000000000de6ef00:   000000000de6f030 0000000066be64bd
0x000000000de6ef10:   000000000de6f808 000000000a6f4810
0x000000000de6ef20:   000000000a6f4be8 00000000000003d8
0x000000000de6ef30:   00000000003b0d50 0000000000000000
0x000000000de6ef40:   000000003e4ccccd 0001000000000000
0x000000000de6ef50:   000000070000ffff 000000006b2ee19f
0x000000000de6ef60:   000000000de6f808 00000000020c3150 

Instructions: (pc=0x0000000066be0479)
0x0000000066be0459:   41 08 00 00 00 00 89 41 34 41 0f b7 41 22 66 89
0x0000000066be0469:   41 38 41 0f b6 41 1c 88 41 3a 49 8b 09 48 8b 01
0x0000000066be0479:   ff 50 10 48 8b 10 48 89 c1 48 89 43 18 ff 52 18
0x0000000066be0489:   89 c2 89 c7 48 89 e9 c1 e2 05 e8 28 b8 fe ff 85 


Register to memory mapping:

RAX=0x0000000000000000 is an unknown value
RBX=0x00000000003b0d50 is an unknown value
RCX=0x00000000003b0d50 is an unknown value
RDX=0x0000000000392e30 is an unknown value
RSP=0x000000000de6ee70 is pointing into the stack for thread: 0x000000000c51f800
RBP=0x0000000000392e30 is an unknown value
RSI=0x000000000de6ef30 is pointing into the stack for thread: 0x000000000c51f800
RDI=0x0000000000392e30 is an unknown value
R8 =0x00000000003acd40 is an unknown value
R9 =0x000000000de6ef30 is pointing into the stack for thread: 0x000000000c51f800
R10=0x0000000000000060 is an unknown value
R11=0x0000000000002a27 is an unknown value
R12=0x0000000000000000 is an unknown value
R13=0x000000077d34d228 is an oop
{method} 
 - klass: {other class}
R14=0x000000000de6f0a8 is pointing into the stack for thread: 0x000000000c51f800
R15=0x000000000c51f800 is a thread


Stack: [0x000000000dd70000,0x000000000de70000],  sp=0x000000000de6ee70,  free space=1019k
Native frames: (J=compiled Java code, j=interpreted, Vv=VM code, C=native code)
C  [gdx-box2d64.dll+0x20479]

Java frames: (J=compiled Java code, j=interpreted, Vv=VM code)
j  com.badlogic.gdx.physics.box2d.Body.jniCreateFixture(JJFFFZSSS)J+0
j  com.badlogic.gdx.physics.box2d.Body.createFixture(Lcom/badlogic/gdx/physics/box2d/FixtureDef;)Lcom/badlogic/gdx/physics/box2d/Fixture;+49
j  com.nowhereinc.AirCommander.game.objects.Player.init(Lcom/badlogic/gdx/physics/box2d/World;Lcom/badlogic/gdx/math/Vector2;Z)V+191
j  com.nowhereinc.AirCommander.game.objects.Player.<init>(Lcom/badlogic/gdx/physics/box2d/World;Lcom/badlogic/gdx/math/Vector2;Z)V+28
j  com.nowhereinc.AirCommander.game.Level.init()V+59
j  com.nowhereinc.AirCommander.game.Level.<init>()V+5
j  com.nowhereinc.AirCommander.game.WorldController.initLevel()V+5
j  com.nowhereinc.AirCommander.game.WorldController.init()V+114
j  com.nowhereinc.AirCommander.game.WorldController.<init>(Lcom/nowhereinc/AirCommander/screens/DirectedGame;)V+10
j  com.nowhereinc.AirCommander.screens.GameScreen.show()V+15
j  com.nowhereinc.AirCommander.screens.DirectedGame.setScreen(Lcom/nowhereinc/AirCommander/screens/AbstractGameScreen;Lcom/nowhereinc/AirCommander/screens/transitions/ScreenTransition;)V+87
j  com.nowhereinc.AirCommander.screens.DirectedGame.setScreen(Lcom/nowhereinc/AirCommander/screens/AbstractGameScreen;)V+3
j  com.nowhereinc.AirCommander.AirCommanderMain.create()V+31
j  com.badlogic.gdx.backends.lwjgl.LwjglApplication.mainLoop()V+29
j  com.badlogic.gdx.backends.lwjgl.LwjglApplication$1.run()V+27
v  ~StubRoutines::call_stub

---------------  P R O C E S S  ---------------

Java Threads: ( => current thread )
  0x000000000c47c800 JavaThread "AsynchExecutor-Thread" daemon [_thread_blocked, id=5840, stack(0x0000000012630000,0x0000000012730000)]
  0x00000000001bf800 JavaThread "DestroyJavaVM" [_thread_blocked, id=5504, stack(0x0000000001fb0000,0x00000000020b0000)]
=>0x000000000c51f800 JavaThread "LWJGL Application" [_thread_in_native, id=5628, stack(0x000000000dd70000,0x000000000de70000)]
  0x000000000a6ff000 JavaThread "Service Thread" daemon [_thread_blocked, id=5756, stack(0x000000000c0e0000,0x000000000c1e0000)]
  0x000000000a6fe000 JavaThread "C2 CompilerThread1" daemon [_thread_blocked, id=5556, stack(0x000000000bf30000,0x000000000c030000)]
  0x000000000a6f9000 JavaThread "C2 CompilerThread0" daemon [_thread_blocked, id=5708, stack(0x000000000bd80000,0x000000000be80000)]
  0x000000000a6f7800 JavaThread "Attach Listener" daemon [_thread_blocked, id=5696, stack(0x000000000b720000,0x000000000b820000)]
  0x000000000a6f0800 JavaThread "Signal Dispatcher" daemon [_thread_blocked, id=5692, stack(0x000000000bbd0000,0x000000000bcd0000)]
  0x000000000a698000 JavaThread "Finalizer" daemon [_thread_blocked, id=1576, stack(0x000000000ba40000,0x000000000bb40000)]
  0x000000000a691000 JavaThread "Reference Handler" daemon [_thread_blocked, id=992, stack(0x000000000b840000,0x000000000b940000)]

Other Threads:
  0x000000000a689800 VMThread [stack: 0x000000000b600000,0x000000000b700000] [id=2256]
  0x000000000c1e8800 WatcherThread [stack: 0x000000000c750000,0x000000000c850000] [id=5652]

VM state:not at safepoint (normal execution)

VM Mutex/Monitor currently owned by a thread: None

Heap
 PSYoungGen      total 37888K, used 18650K [0x00000007d5f00000, 0x00000007d8900000, 0x0000000800000000)
  eden space 32768K, 56% used [0x00000007d5f00000,0x00000007d7136b68,0x00000007d7f00000)
  from space 5120K, 0% used [0x00000007d8400000,0x00000007d8400000,0x00000007d8900000)
  to   space 5120K, 0% used [0x00000007d7f00000,0x00000007d7f00000,0x00000007d8400000)
 ParOldGen       total 86016K, used 0K [0x0000000781e00000, 0x0000000787200000, 0x00000007d5f00000)
  object space 86016K, 0% used [0x0000000781e00000,0x0000000781e00000,0x0000000787200000)
 PSPermGen       total 21504K, used 7512K [0x000000077cc00000, 0x000000077e100000, 0x0000000781e00000)
  object space 21504K, 34% used [0x000000077cc00000,0x000000077d356350,0x000000077e100000)

Card table byte_map: [0x00000000050b0000,0x00000000054d0000] byte_map_base: 0x00000000014ca000

Polling page: 0x0000000000190000

Code Cache  [0x00000000020b0000, 0x0000000002320000, 0x00000000050b0000)
 total_blobs=491 nmethods=70 adapters=374 free_code_cache=48477Kb largest_free_block=49636416

Compilation events (10 events):
Event: 1.912 Thread 0x000000000a6f9000   66             java.util.StringTokenizer::nextToken (92 bytes)
Event: 1.923 Thread 0x000000000a6f9000 nmethod 66 0x000000000214f810 code [0x000000000214f9c0, 0x00000000021500f0]
Event: 2.016 Thread 0x000000000a6f9000   67             sun.misc.MetaIndex::mayContain (51 bytes)
Event: 2.019 Thread 0x000000000a6f9000 nmethod 67 0x0000000002154550 code [0x00000000021546a0, 0x0000000002154928]
Event: 2.024 Thread 0x000000000a6fe000   68             java.nio.Buffer::nextPutIndex (31 bytes)
Event: 2.024 Thread 0x000000000a6f9000   69             java.nio.DirectByteBuffer::put (17 bytes)
Event: 2.025 Thread 0x000000000a6fe000 nmethod 68 0x00000000021552d0 code [0x0000000002155400, 0x0000000002155478]
Event: 2.025 Thread 0x000000000a6f9000 nmethod 69 0x0000000002155050 code [0x0000000002155180, 0x0000000002155218]
Event: 2.061 Thread 0x000000000a6fe000   70             java.util.zip.ZStreamRef::address (5 bytes)
Event: 2.061 Thread 0x000000000a6fe000 nmethod 70 0x0000000002159190 code [0x00000000021592c0, 0x0000000002159318]

GC Heap History (0 events):
No events

Deoptimization events (10 events):
Event: 1.770 Thread 0x000000000c51f800 Uncommon trap: reason=class_check action=maybe_recompile pc=0x000000000213edec method=com.badlogic.gdx.assets.AssetLoadingTask.handleAsyncLoader()V @ 4
Event: 1.770 Thread 0x000000000c51f800 Uncommon trap: reason=class_check action=maybe_recompile pc=0x000000000213edec method=com.badlogic.gdx.assets.AssetLoadingTask.handleAsyncLoader()V @ 4
Event: 1.770 Thread 0x000000000c51f800 Uncommon trap: reason=class_check action=maybe_recompile pc=0x000000000213a668 method=com.badlogic.gdx.assets.AssetLoadingTask.handleAsyncLoader()V @ 4
Event: 1.770 Thread 0x000000000c51f800 Uncommon trap: reason=class_check action=maybe_recompile pc=0x0000000002136164 method=com.badlogic.gdx.assets.AssetLoadingTask.handleAsyncLoader()V @ 4
Event: 1.770 Thread 0x000000000c51f800 Uncommon trap: reason=class_check action=maybe_recompile pc=0x000000000213c13c method=com.badlogic.gdx.assets.AssetLoadingTask.handleAsyncLoader()V @ 4
Event: 1.786 Thread 0x000000000c51f800 Uncommon trap: reason=unreached action=reinterpret pc=0x0000000002141088 method=com.badlogic.gdx.assets.AssetLoadingTask.update()Z @ 35
Event: 1.826 Thread 0x000000000c51f800 Uncommon trap: reason=unreached action=reinterpret pc=0x000000000214395c method=com.badlogic.gdx.assets.AssetLoadingTask.update()Z @ 17
Event: 1.848 Thread 0x000000000c51f800 Uncommon trap: reason=unreached action=reinterpret pc=0x0000000002138f74 method=com.badlogic.gdx.assets.AssetLoadingTask.update()Z @ 17
Event: 1.851 Thread 0x000000000c51f800 Uncommon trap: reason=class_check action=maybe_recompile pc=0x00000000021376d4 method=com.badlogic.gdx.assets.AssetLoadingTask.handleAsyncLoader()V @ 137
Event: 1.852 Thread 0x000000000c51f800 Uncommon trap: reason=class_check action=maybe_recompile pc=0x00000000021376d4 method=com.badlogic.gdx.assets.AssetLoadingTask.handleAsyncLoader()V @ 137

Internal exceptions (10 events):
Event: 2.242 Thread 0x000000000c51f800 Threw 0x00000007d707f2e0 at C:\re\jdk7u67\1368\hotspot\src\share\vm\prims\jvm.cpp:1244
Event: 2.243 Thread 0x000000000c51f800 Threw 0x00000007d7084d00 at C:\re\jdk7u67\1368\hotspot\src\share\vm\prims\jvm.cpp:1244
Event: 2.243 Thread 0x000000000c51f800 Threw 0x00000007d708b708 at C:\re\jdk7u67\1368\hotspot\src\share\vm\prims\jvm.cpp:1244
Event: 2.244 Thread 0x000000000c51f800 Threw 0x00000007d7093568 at C:\re\jdk7u67\1368\hotspot\src\share\vm\prims\jvm.cpp:1244
Event: 2.244 Thread 0x000000000c51f800 Threw 0x00000007d7099168 at C:\re\jdk7u67\1368\hotspot\src\share\vm\prims\jvm.cpp:1244
Event: 2.245 Thread 0x000000000c51f800 Threw 0x00000007d709f8e0 at C:\re\jdk7u67\1368\hotspot\src\share\vm\prims\jvm.cpp:1244
Event: 2.246 Thread 0x000000000c51f800 Threw 0x00000007d70adaa0 at C:\re\jdk7u67\1368\hotspot\src\share\vm\prims\jvm.cpp:1244
Event: 2.246 Thread 0x000000000c51f800 Threw 0x00000007d70b3de8 at C:\re\jdk7u67\1368\hotspot\src\share\vm\prims\jvm.cpp:1244
Event: 2.247 Thread 0x000000000c51f800 Threw 0x00000007d70b9498 at C:\re\jdk7u67\1368\hotspot\src\share\vm\prims\jvm.cpp:1244
Event: 2.247 Thread 0x000000000c51f800 Threw 0x00000007d70beaf0 at C:\re\jdk7u67\1368\hotspot\src\share\vm\prims\jvm.cpp:1244

Events (10 events):
Event: 2.245 loading class 0x000000000c54bc80
Event: 2.245 loading class 0x000000000c54bc80 done
Event: 2.246 loading class 0x000000001170e1b0
Event: 2.246 loading class 0x000000001170e1b0 done
Event: 2.246 loading class 0x000000001170e1f0
Event: 2.246 loading class 0x000000001170e1f0 done
Event: 2.247 loading class 0x000000001170dc30
Event: 2.247 loading class 0x000000001170dc30 done
Event: 2.247 loading class 0x000000001170d7b0
Event: 2.247 loading class 0x000000001170d7b0 done


Dynamic libraries:
0x000000013fe80000 - 0x000000013feb3000 	C:\Program Files\Java\jre7\bin\javaw.exe
0x0000000077a90000 - 0x0000000077c39000 	C:\Windows\SYSTEM32\ntdll.dll
0x0000000077870000 - 0x000000007798f000 	C:\Windows\system32\kernel32.dll
0x000007fefda10000 - 0x000007fefda7c000 	C:\Windows\system32\KERNELBASE.dll
0x000007feff1d0000 - 0x000007feff2ab000 	C:\Windows\system32\ADVAPI32.dll
0x000007fefebf0000 - 0x000007fefec8f000 	C:\Windows\system32\msvcrt.dll
0x000007fefec90000 - 0x000007fefecaf000 	C:\Windows\SYSTEM32\sechost.dll
0x000007feffc70000 - 0x000007feffd9d000 	C:\Windows\system32\RPCRT4.dll
0x0000000077990000 - 0x0000000077a8a000 	C:\Windows\system32\USER32.dll
0x000007feff930000 - 0x000007feff997000 	C:\Windows\system32\GDI32.dll
0x000007feff5e0000 - 0x000007feff5ee000 	C:\Windows\system32\LPK.dll
0x000007feff860000 - 0x000007feff929000 	C:\Windows\system32\USP10.dll
0x000007fefbae0000 - 0x000007fefbcd4000 	C:\Windows\WinSxS\amd64_microsoft.windows.common-controls_6595b64144ccf1df_6.0.7601.18807_none_fa381d5f175bfb52\COMCTL32.dll
0x000007feff130000 - 0x000007feff1a1000 	C:\Windows\system32\SHLWAPI.dll
0x000007feff830000 - 0x000007feff85e000 	C:\Windows\system32\IMM32.DLL
0x000007feff010000 - 0x000007feff119000 	C:\Windows\system32\MSCTF.dll
0x000007fefd780000 - 0x000007fefd7b1000 	C:\Windows\system32\nvinitx.dll
0x000007fefd770000 - 0x000007fefd77c000 	C:\Windows\system32\VERSION.dll
0x0000000070d10000 - 0x0000000070de2000 	C:\Program Files\Java\jre7\bin\msvcr100.dll
0x000000006b250000 - 0x000000006ba22000 	C:\Program Files\Java\jre7\bin\server\jvm.dll
0x000007fef6cf0000 - 0x000007fef6cf9000 	C:\Windows\system32\WSOCK32.dll
0x000007feff780000 - 0x000007feff7cd000 	C:\Windows\system32\WS2_32.dll
0x000007feff120000 - 0x000007feff128000 	C:\Windows\system32\NSI.dll
0x000007fefbe70000 - 0x000007fefbeab000 	C:\Windows\system32\WINMM.dll
0x0000000077c60000 - 0x0000000077c67000 	C:\Windows\system32\PSAPI.DLL
0x0000000073860000 - 0x000000007386f000 	C:\Program Files\Java\jre7\bin\verify.dll
0x0000000073830000 - 0x0000000073858000 	C:\Program Files\Java\jre7\bin\java.dll
0x0000000073680000 - 0x0000000073695000 	C:\Program Files\Java\jre7\bin\zip.dll
0x0000000065580000 - 0x0000000065616000 	C:\Users\Brian\AppData\Local\Temp\libgdxBrian\61ae95fa\gdx64.dll
0x000007fefd040000 - 0x000007fefd058000 	C:\Windows\system32\CRYPTSP.dll
0x000007fefcd40000 - 0x000007fefcd87000 	C:\Windows\system32\rsaenh.dll
0x000007fefdad0000 - 0x000007fefdaee000 	C:\Windows\system32\USERENV.dll
0x000007fefd850000 - 0x000007fefd85f000 	C:\Windows\system32\profapi.dll
0x000007fefd640000 - 0x000007fefd64f000 	C:\Windows\system32\CRYPTBASE.dll
0x00000000736a0000 - 0x00000000736b9000 	C:\Program Files\Java\jre7\bin\net.dll
0x000007fefcfe0000 - 0x000007fefd035000 	C:\Windows\system32\mswsock.dll
0x000007fefcfd0000 - 0x000007fefcfd7000 	C:\Windows\System32\wship6.dll
0x000007fefb760000 - 0x000007fefb787000 	C:\Windows\system32\IPHLPAPI.DLL
0x000007fefb750000 - 0x000007fefb75b000 	C:\Windows\system32\WINNSI.DLL
0x000007fefb190000 - 0x000007fefb1a1000 	C:\Windows\system32\dhcpcsvc6.DLL
0x000007fefb120000 - 0x000007fefb138000 	C:\Windows\system32\dhcpcsvc.DLL
0x0000000073280000 - 0x0000000073291000 	C:\Program Files\Java\jre7\bin\nio.dll
0x0000000180000000 - 0x0000000180053000 	C:\Users\Brian\AppData\Local\Temp\libgdxBrian\dc0f0009\lwjgl64.dll
0x000007fef2340000 - 0x000007fef245d000 	C:\Windows\system32\OPENGL32.dll
0x000007fef27a0000 - 0x000007fef27cd000 	C:\Windows\system32\GLU32.dll
0x000007fef2240000 - 0x000007fef2331000 	C:\Windows\system32\DDRAW.dll
0x000007fef2790000 - 0x000007fef2798000 	C:\Windows\system32\DCIMAN32.dll
0x000007fefee30000 - 0x000007feff007000 	C:\Windows\system32\SETUPAPI.dll
0x000007fefda90000 - 0x000007fefdac6000 	C:\Windows\system32\CFGMGR32.dll
0x000007fefecb0000 - 0x000007fefed87000 	C:\Windows\system32\OLEAUT32.dll
0x000007feff2b0000 - 0x000007feff4b3000 	C:\Windows\system32\ole32.dll
0x000007fefdb00000 - 0x000007fefdb1a000 	C:\Windows\system32\DEVOBJ.dll
0x000007fefb2b0000 - 0x000007fefb2c8000 	C:\Windows\system32\dwmapi.dll
0x0000000005780000 - 0x00000000057e4000 	C:\Users\Brian\AppData\Local\Temp\libgdxBrian\dc0f0009\OpenAL64.dll
0x000007fefdc10000 - 0x000007fefe999000 	C:\Windows\system32\SHELL32.dll
0x000007fefb7f0000 - 0x000007fefb846000 	C:\Windows\system32\uxtheme.dll
0x000007feff4c0000 - 0x000007feff559000 	C:\Windows\system32\CLBCatQ.DLL
0x000007fefc240000 - 0x000007fefc36c000 	C:\Windows\System32\PROPSYS.dll
0x000007fefdb30000 - 0x000007fefdb6b000 	C:\Windows\system32\WINTRUST.dll
0x000007fefd890000 - 0x000007fefd9fd000 	C:\Windows\system32\CRYPT32.dll
0x000007fefd860000 - 0x000007fefd86f000 	C:\Windows\system32\MSASN1.dll
0x000007feef8a0000 - 0x000007feef928000 	C:\Windows\system32\dsound.dll
0x000007fefc400000 - 0x000007fefc42c000 	C:\Windows\system32\POWRPROF.dll
0x000007fefc370000 - 0x000007fefc3bb000 	C:\Windows\System32\MMDevApi.dll
0x000007fefbfb0000 - 0x000007fefbfff000 	C:\Windows\system32\AUDIOSES.DLL
0x000000006dbb0000 - 0x000000006f9fa000 	C:\Windows\system32\nvoglv64.DLL
0x000007fefca10000 - 0x000007fefca21000 	C:\Windows\system32\WTSAPI32.dll
0x000007fefc860000 - 0x000007fefc88d000 	C:\Windows\system32\ntmarta.dll
0x000007feff7d0000 - 0x000007feff822000 	C:\Windows\system32\WLDAP32.dll
0x000007fefcb60000 - 0x000007fefcb9d000 	C:\Windows\system32\WINSTA.dll
0x000007fefa280000 - 0x000007fefa31c000 	C:\Windows\system32\mscms.dll
0x000007fef30e0000 - 0x000007fef3122000 	C:\Windows\system32\icm32.dll
0x0000000068900000 - 0x0000000068a54000 	C:\Users\Brian\AppData\Local\Temp\libgdxBrian\dc411ca4\gdx-controllers-desktop64.dll
0x000007fef30a0000 - 0x000007fef30dc000 	C:\Windows\system32\DINPUT8.dll
0x000007fefb2d0000 - 0x000007fefb2db000 	C:\Windows\system32\HID.DLL
0x0000000066bc0000 - 0x0000000066c7b000 	C:\Users\Brian\AppData\Local\Temp\libgdxBrian\327fdd8a\gdx-box2d64.dll
0x000007fef2f70000 - 0x000007fef3095000 	C:\Windows\system32\dbghelp.dll

VM Arguments:
jvm_args: -Dfile.encoding=Cp1252 
java_command: com.nowhereinc.AirCommander.desktop.DesktopLauncher
Launcher Type: SUN_STANDARD

Environment Variables:
JAVA_HOME=C:\Program Files\Java\jdk1.7.0_09
PATH=C:\Program Files\Common Files\Microsoft Shared\Windows Live;C:\Program Files (x86)\Common Files\Microsoft Shared\Windows Live;c:\Program Files (x86)\Intel\iCLS Client\;c:\Program Files\Intel\iCLS Client\;C:\Windows\system32;C:\Windows;C:\Windows\System32\Wbem;C:\Windows\System32\WindowsPowerShell\v1.0\;C:\Program Files (x86)\Windows Live\Shared;C:\Program Files\Java\Java3D\bin;C:\Users\Brian\Desktop\jInput\archive\dist;C:\Program Files (x86)\Skype\Phone\;C:\Program Files (x86)\NVIDIA Corporation\PhysX\Common
USERNAME=Brian
OS=Windows_NT
PROCESSOR_IDENTIFIER=Intel64 Family 6 Model 42 Stepping 7, GenuineIntel



---------------  S Y S T E M  ---------------

OS: Windows 7 , 64 bit Build 7601 Service Pack 1

CPU:total 4 (2 cores per cpu, 2 threads per core) family 6 model 42 stepping 7, cmov, cx8, fxsr, mmx, sse, sse2, sse3, ssse3, sse4.1, sse4.2, popcnt, avx, ht, tsc, tscinvbit

Memory: 4k page, physical 8263840k(5930944k free), swap 16525844k(12621188k free)

vm_info: Java HotSpot(TM) 64-Bit Server VM (24.65-b04) for windows-amd64 JRE (1.7.0_67-b01), built on Jul 25 2014 08:55:00 by "java_re" with unknown MS VC++:1600

time: Sat May 16 21:55:10 2015
elapsed time: 2 seconds

